<?xml version="1.0" encoding="UTF-8"?>
<!-- Generated by org.testng.reporters.JUnitXMLReporter -->
<testsuite ignored="0" hostname="DESKTOP-KHBEDF4" failures="1" tests="3" name="Maven_Project_edso" time="0.682" errors="0" timestamp="2024-03-06T19:17:28 IST">
  <testcase classname="AlwaysRun.Example1" name="method" time="0.211">
    <failure type="java.lang.AssertionError" message="expected [true] but found [false]">
      <![CDATA[java.lang.AssertionError: expected [true] but found [false]
at AlwaysRun.Example1.method(Example1.java:9)
at java.base/java.util.ArrayList.forEach(ArrayList.java:1511)
at com.intellij.rt.testng.IDEARemoteTestNG.run(IDEARemoteTestNG.java:65)
at com.intellij.rt.testng.RemoteTestNGStarter.main(RemoteTestNGStarter.java:105)
... Removed 28 stack frames]]>
    </failure>
  </testcase> <!-- method -->
  <testcase classname="AlwaysRun.Example1" name="method1" time="0.011"/>
  <testcase classname="AlwaysRun.Example1" name="method2" time="0.056"/>
</testsuite> <!-- Maven_Project_edso -->
